<?xml version="1.0" encoding="UTF-8"?>
<!-- Generated by org.testng.reporters.JUnitXMLReporter -->
<testsuite ignored="1" hostname="DESKTOP-IIC6DUB" failures="0" tests="2" name="End-to-End" time="50.414" errors="0" timestamp="2022-10-28T19:35:35 IST">
  <testcase classname="Sufiyancoltd.Test.Standalonr2Copy" name="runAPP" time="17.037"/>
  <testcase classname="Sufiyancoltd.Test.Standalonr2Copy" name="runAPP" time="16.347"/>
  <testcase classname="Sufiyancoltd.Test.Standalonr2Copy" name="vieworders" time="0.0">
    <ignored/>
  </testcase> <!-- vieworders -->
</testsuite> <!-- End-to-End -->
